<?xml version="1.0" encoding="UTF-8"?>
<testng-results ignored="0" total="1" passed="1" failed="0" skipped="0">
  <reporter-output>
  </reporter-output>
  <suite started-at="2023-04-13T11:00:27 IST" name="Default suite" finished-at="2023-04-13T11:00:28 IST" duration-ms="587">
    <groups>
    </groups>
    <test started-at="2023-04-13T11:00:27 IST" name="Default test" finished-at="2023-04-13T11:00:28 IST" duration-ms="587">
      <class name="Demo.Demo1">
        <test-method signature="demo1()[pri:0, instance:Demo.Demo1@1bb266b3]" started-at="2023-04-13T11:00:28 IST" name="demo1" finished-at="2023-04-13T11:00:28 IST" duration-ms="200" status="PASS">
          <reporter-output>
          </reporter-output>
        </test-method> <!-- demo1 -->
      </class> <!-- Demo.Demo1 -->
    </test> <!-- Default test -->
  </suite> <!-- Default suite -->
</testng-results>
