<?xml version="1.0" encoding="UTF-8"?>
<testng-results ignored="0" total="1" passed="1" failed="0" skipped="0">
  <reporter-output>
  </reporter-output>
  <suite started-at="2023-04-12T11:34:19 IST" name="Default suite" finished-at="2023-04-12T11:34:19 IST" duration-ms="295">
    <groups>
    </groups>
    <test started-at="2023-04-12T11:34:19 IST" name="Default test" finished-at="2023-04-12T11:34:19 IST" duration-ms="295">
      <class name="Demo.Sample">
        <test-method signature="sample1()[pri:0, instance:Demo.Sample@1bb266b3]" started-at="2023-04-12T11:34:19 IST" name="sample1" finished-at="2023-04-12T11:34:19 IST" duration-ms="64" status="PASS">
          <reporter-output>
          </reporter-output>
        </test-method> <!-- sample1 -->
      </class> <!-- Demo.Sample -->
    </test> <!-- Default test -->
  </suite> <!-- Default suite -->
</testng-results>
